<?xml version="1.0" encoding="UTF-8"?>
<testsuite name="equipe10.AppTest" time="0.584" tests="4" errors="1" skipped="1" failures="0">
  <properties>
[...]
</properties>
  <testcase name="delete" classname="equipe10.AppTest" time="0.237">
    <error message="DELETE request cannot enclose an entity" type="java.lang.IllegalStateException">java.lang.IllegalStateException: DELETE request cannot enclose an entity
	at org.apache.http.client.fluent.Request.body(Request.java:299)
	at org.apache.http.client.fluent.Request.bodyString(Request.java:331)
	at org.jooby.test.Client$Request.body(Client.java:114)
	at equipe10.AppTest.delete(AppTest.java:47)
</error>
    <system-out><![CDATA[[2016-05-06 21:56:23,587]-[main] INFO  equipe10.App - [dev@netty]: Server started in 920ms

  GET    /todos                                    [*/*]     [*/*]    (/anonymous)
  GET    /todos/:id                                [*/*]     [*/*]    (/anonymous)
  GET    /todos/searchbyname/:name                 [*/*]     [*/*]    (/anonymous)
  POST   /todos                       [application/json]     [*/*]    (/Insert an User)
  DELETE /todos/delete/:id                         [*/*]     [*/*]    (/anonymous)
  PUT    /todos/updatename/:id                     [*/*]     [*/*]    (/anonymous)
  PUT    /todos/updatename/:name                   [*/*]     [*/*]    (/anonymous)

listening on:
  http://localhost:8080/

]]></system-out>
  </testcase>
  <testcase name="insert" classname="equipe10.AppTest" time="0.273"/>
  <testcase name="getById" classname="equipe10.AppTest" time="0.074"/>
  <testcase name="index" classname="equipe10.AppTest" time="0">
    <skipped/>
  </testcase>
</testsuite>