<?xml version="1.0" encoding="UTF-8"?>
<testsuite name="equipe10.AppTest" time="0.705" tests="1" errors="0" skipped="0" failures="1">
  <properties>
[...]
</properties>
  <testcase name="index" classname="equipe10.AppTest" time="0.705">
    <failure message="expected:&lt;200&gt; but was:&lt;404&gt;" type="java.lang.AssertionError"><![CDATA[java.lang.AssertionError: expected:<200> but was:<404>
	at org.junit.Assert.fail(Assert.java:88)
	at org.junit.Assert.failNotEquals(Assert.java:743)
	at org.junit.Assert.assertEquals(Assert.java:118)
	at org.junit.Assert.assertEquals(Assert.java:555)
	at org.junit.Assert.assertEquals(Assert.java:542)
	at org.jooby.test.Client$Response.expect(Client.java:198)
	at org.jooby.test.Client$Request.expect(Client.java:89)
	at equipe10.AppTest.index(AppTest.java:13)
]]></failure>
    <system-out><![CDATA[[2016-04-16 15:31:25,528]-[main] INFO  equipe10.App - [dev@netty]: Server started in 1414ms

  GET    /todos/:id               [*/*]     [*/*]    (/anonymous)
  GET    /todos                   [*/*]     [*/*]    (/anonymous)
  GET    /todos/search/:string    [*/*]     [*/*]    (/anonymous)
  POST   /todos                   [*/*]     [*/*]    (/anonymous)
  DELETE /todos/:id               [*/*]     [*/*]    (/anonymous)

listening on:
  http://localhost:8080/

[2016-04-16 15:31:26,153]-[netty task-3-1] ERROR org.jooby.Err - execution of: GET/ resulted in exception
org.jooby.Err: Not Found(404): /
	at org.jooby.internal.HttpHandlerImpl.lambda$routes$127(HttpHandlerImpl.java:373) ~[jooby-0.16.0.jar:0.16.0]
	at org.jooby.internal.HttpHandlerImpl$$Lambda$70/818967351.handle(Unknown Source) ~[na:na]
	at org.jooby.internal.RouteImpl.handle(RouteImpl.java:103) ~[jooby-0.16.0.jar:0.16.0]
	at org.jooby.internal.RouteChain.next(RouteChain.java:60) ~[jooby-0.16.0.jar:0.16.0]
	at org.jooby.Route$Chain.next(Route.java:1500) ~[jooby-0.16.0.jar:0.16.0]
	at org.jooby.internal.HttpHandlerImpl.handle(HttpHandlerImpl.java:276) ~[jooby-0.16.0.jar:0.16.0]
	at org.jooby.internal.netty.NettyHandler.channelRead0(NettyHandler.java:85) [jooby-netty-0.16.0.jar:0.16.0]
	at io.netty.channel.SimpleChannelInboundHandler.channelRead(SimpleChannelInboundHandler.java:105) [netty-transport-4.1.0.CR3.jar:4.1.0.CR3]
	at io.netty.channel.ChannelHandlerInvokerUtil.invokeChannelReadNow(ChannelHandlerInvokerUtil.java:83) [netty-transport-4.1.0.CR3.jar:4.1.0.CR3]
	at io.netty.channel.DefaultChannelHandlerInvoker$7.run(DefaultChannelHandlerInvoker.java:159) [netty-transport-4.1.0.CR3.jar:4.1.0.CR3]
	at io.netty.util.concurrent.DefaultEventExecutor.run(DefaultEventExecutor.java:56) [netty-common-4.1.0.CR3.jar:4.1.0.CR3]
	at io.netty.util.concurrent.SingleThreadEventExecutor$5.run(SingleThreadEventExecutor.java:742) [netty-common-4.1.0.CR3.jar:4.1.0.CR3]
	at io.netty.util.concurrent.DefaultThreadFactory$DefaultRunnableDecorator.run(DefaultThreadFactory.java:137) [netty-common-4.1.0.CR3.jar:4.1.0.CR3]
	at java.lang.Thread.run(Thread.java:745) [na:1.8.0_45]
]]></system-out>
  </testcase>
</testsuite>